<?xml version="1.0" encoding="UTF-8"?>
<!-- Generated by org.testng.reporters.JUnitReportReporter -->
<testsuite hostname="WINCTRL-5252KA3" failures="0" tests="2" name="bddcucumber.TestRunner" time="98.758" errors="1" timestamp="2023-08-11T17:25:46 IST" skipped="0">
  <testcase classname="bddcucumber.TestRunner" name="runScenario" time="97.877"/>
  <system-out/>
  <testcase classname="bddcucumber.TestRunner" name="runScenario" time="0.881">
    <error message="Cannot invoke &quot;org.openqa.selenium.WebDriver.findElement(org.openqa.selenium.By)&quot; because &quot;pagespackage.Createpagexpaths.driver&quot; is null" type="java.lang.NullPointerException">
      <![CDATA[java.lang.NullPointerException: Cannot invoke "org.openqa.selenium.WebDriver.findElement(org.openqa.selenium.By)" because "pagespackage.Createpagexpaths.driver" is null
at pagespackage.Createpagexpaths.createproject(Createpagexpaths.java:15)
at stepdefinationpackage.CreateprojectSPM.user_click_on_createproject_button(CreateprojectSPM.java:11)
at âœ½.User click on createproject button(file:///C:/Users/user/eclipse-workspace1/bddcucumber/feature/createproject.feature:6)
]]>
    </error>
  </testcase> <!-- runScenario -->
  <system-out/>
</testsuite> <!-- bddcucumber.TestRunner -->
